<?xml version="1.0" encoding="UTF-8"?>
<!-- Generated by org.testng.reporters.JUnitXMLReporter -->
<testsuite ignored="0" hostname="Oliver" failures="0" tests="9" name="Default test" time="75.971" errors="0" timestamp="28 Sep 2021 08:13:16 GMT">
  <testcase classname="com.testOperations.HomeSearchTest" name="testExcelRead" time="1.378"/>
  <testcase classname="com.testOperations.HomeSearchTest" name="testSite" time="0.401"/>
  <testcase classname="com.testOperations.HomeSearchTest" name="testSearchCity" time="10.065"/>
  <testcase classname="com.testOperations.HomeSearchTest" name="testSearchHldyHome" time="12.548"/>
  <testcase classname="com.testOperations.HomeSearchTest" name="testDateSelection" time="12.024"/>
  <testcase classname="com.testOperations.HomeSearchTest" name="testGuestSelection" time="10.03"/>
  <testcase classname="com.testOperations.HomeSearchTest" name="testSortBy" time="8.401"/>
  <testcase classname="com.testOperations.HomeSearchTest" name="testAmmenitiesFilter" time="8.52"/>
  <testcase classname="com.testOperations.HomeSearchTest" name="testWirteExcelFile" time="1.027"/>
</testsuite> <!-- Default test -->
