<?xml version="1.0" encoding="UTF-8"?>
<!-- Generated by org.testng.reporters.JUnitXMLReporter -->
<testsuite ignored="0" hostname="Oliver" failures="0" tests="9" name="Test" time="69.133" errors="0" timestamp="28 Sep 2021 11:15:42 GMT">
  <testcase classname="com.testOperations.HomeSearchTest" name="testExcelRead" time="1.151"/>
  <testcase classname="com.testOperations.HomeSearchTest" name="testSite" time="0.224"/>
  <testcase classname="com.testOperations.HomeSearchTest" name="testSearchCity" time="9.405"/>
  <testcase classname="com.testOperations.HomeSearchTest" name="testSearchHldyHome" time="8.04"/>
  <testcase classname="com.testOperations.HomeSearchTest" name="testDateSelection" time="12.577"/>
  <testcase classname="com.testOperations.HomeSearchTest" name="testGuestSelection" time="10.337"/>
  <testcase classname="com.testOperations.HomeSearchTest" name="testSortBy" time="9.197"/>
  <testcase classname="com.testOperations.HomeSearchTest" name="testAmmenitiesFilter" time="8.485"/>
  <testcase classname="com.testOperations.HomeSearchTest" name="testWirteExcelFile" time="1.271"/>
</testsuite> <!-- Test -->
