<?xml version="1.0" encoding="UTF-8"?>
<!-- Generated by org.testng.reporters.JUnitXMLReporter -->
<testsuite hostname="Oliver" ignored="0" name="Test" tests="9" failures="0" timestamp="28 Sep 2021 13:07:45 GMT" time="87.394" errors="0">
  <testcase name="testExcelRead" time="2.929" classname="com.testOperations.HomeSearchTest"/>
  <testcase name="testSite" time="0.195" classname="com.testOperations.HomeSearchTest"/>
  <testcase name="testSearchCity" time="10.13" classname="com.testOperations.HomeSearchTest"/>
  <testcase name="testSearchHldyHome" time="13.09" classname="com.testOperations.HomeSearchTest"/>
  <testcase name="testDateSelection" time="16.731" classname="com.testOperations.HomeSearchTest"/>
  <testcase name="testGuestSelection" time="10.686" classname="com.testOperations.HomeSearchTest"/>
  <testcase name="testSortBy" time="9.581" classname="com.testOperations.HomeSearchTest"/>
  <testcase name="testAmmenitiesFilter" time="9.527" classname="com.testOperations.HomeSearchTest"/>
  <testcase name="testWirteExcelFile" time="1.898" classname="com.testOperations.HomeSearchTest"/>
</testsuite> <!-- Test -->
