<?xml version="1.0" encoding="UTF-8"?>
<testsuite xmlns:xsi="http://www.w3.org/2001/XMLSchema-instance" xsi:noNamespaceSchemaLocation="https://maven.apache.org/surefire/maven-surefire-plugin/xsd/surefire-test-report.xsd" name="TestSuite" time="90.801" tests="9" errors="0" skipped="0" failures="0">
  <properties>
[...]
</properties>
  <testcase name="testExcelRead" classname="com.testOperations.HomeSearchTest" time="2.928"/>
  <testcase name="testSite" classname="com.testOperations.HomeSearchTest" time="0.195"/>
  <testcase name="testSearchCity" classname="com.testOperations.HomeSearchTest" time="10.131"/>
  <testcase name="testSearchHldyHome" classname="com.testOperations.HomeSearchTest" time="13.09"/>
  <testcase name="testDateSelection" classname="com.testOperations.HomeSearchTest" time="16.727"/>
  <testcase name="testGuestSelection" classname="com.testOperations.HomeSearchTest" time="10.687"/>
  <testcase name="testSortBy" classname="com.testOperations.HomeSearchTest" time="9.581"/>
  <testcase name="testAmmenitiesFilter" classname="com.testOperations.HomeSearchTest" time="9.526"/>
  <testcase name="testWirteExcelFile" classname="com.testOperations.HomeSearchTest" time="1.899"/>
</testsuite>