<?xml version="1.0" encoding="UTF-8"?>
<testng-results ignored="0" total="9" passed="9" failed="0" skipped="0">
  <reporter-output>
  </reporter-output>
  <suite started-at="2021-09-28T11:14:33Z" name="Suite" finished-at="2021-09-28T11:15:42Z" duration-ms="69133">
    <groups>
    </groups>
    <test started-at="2021-09-28T11:14:33Z" name="Test" finished-at="2021-09-28T11:15:42Z" duration-ms="69133">
      <class name="com.testOperations.HomeSearchTest">
        <test-method is-config="true" signature="testWebDriver()[pri:0, instance:com.testOperations.HomeSearchTest@7e057f43]" started-at="2021-09-28T11:14:33Z" name="testWebDriver" finished-at="2021-09-28T11:14:41Z" duration-ms="7654" status="PASS">
          <reporter-output>
          </reporter-output>
        </test-method> <!-- testWebDriver -->
        <test-method is-config="true" signature="startTest()[pri:0, instance:com.testOperations.HomeSearchTest@7e057f43]" started-at="2021-09-28T11:14:41Z" name="startTest" finished-at="2021-09-28T11:14:41Z" duration-ms="241" status="PASS">
          <reporter-output>
          </reporter-output>
        </test-method> <!-- startTest -->
        <test-method signature="testExcelRead()[pri:1, instance:com.testOperations.HomeSearchTest@7e057f43]" started-at="2021-09-28T11:14:41Z" name="testExcelRead" finished-at="2021-09-28T11:14:42Z" duration-ms="1151" status="PASS">
          <reporter-output>
          </reporter-output>
        </test-method> <!-- testExcelRead -->
        <test-method is-config="true" signature="testStatusLog(org.testng.ITestResult)[pri:0, instance:com.testOperations.HomeSearchTest@7e057f43]" started-at="2021-09-28T11:14:42Z" name="testStatusLog" finished-at="2021-09-28T11:14:42Z" duration-ms="3" status="PASS">
          <params>
            <param index="0">
              <value>
                <![CDATA[[TestResult name=testExcelRead status=SUCCESS method=HomeSearchTest.testExcelRead()[pri:1, instance:com.testOperations.HomeSearchTest@7e057f43] output={null}]]]>
              </value>
            </param>
          </params>
          <reporter-output>
          </reporter-output>
        </test-method> <!-- testStatusLog -->
        <test-method signature="testSite()[pri:2, instance:com.testOperations.HomeSearchTest@7e057f43]" started-at="2021-09-28T11:14:42Z" name="testSite" finished-at="2021-09-28T11:14:42Z" duration-ms="224" status="PASS">
          <reporter-output>
          </reporter-output>
        </test-method> <!-- testSite -->
        <test-method is-config="true" signature="testStatusLog(org.testng.ITestResult)[pri:0, instance:com.testOperations.HomeSearchTest@7e057f43]" started-at="2021-09-28T11:14:42Z" name="testStatusLog" finished-at="2021-09-28T11:14:42Z" duration-ms="1" status="PASS">
          <params>
            <param index="0">
              <value>
                <![CDATA[[TestResult name=testSite status=SUCCESS method=HomeSearchTest.testSite()[pri:2, instance:com.testOperations.HomeSearchTest@7e057f43] output={null}]]]>
              </value>
            </param>
          </params>
          <reporter-output>
          </reporter-output>
        </test-method> <!-- testStatusLog -->
        <test-method signature="testSearchCity()[pri:3, instance:com.testOperations.HomeSearchTest@7e057f43]" started-at="2021-09-28T11:14:42Z" name="testSearchCity" finished-at="2021-09-28T11:14:52Z" duration-ms="9405" status="PASS">
          <reporter-output>
          </reporter-output>
        </test-method> <!-- testSearchCity -->
        <test-method signature="testSearchHldyHome()[pri:4, instance:com.testOperations.HomeSearchTest@7e057f43]" started-at="2021-09-28T11:14:52Z" name="testSearchHldyHome" finished-at="2021-09-28T11:15:00Z" duration-ms="8040" status="PASS">
          <reporter-output>
          </reporter-output>
        </test-method> <!-- testSearchHldyHome -->
        <test-method is-config="true" signature="testStatusLog(org.testng.ITestResult)[pri:0, instance:com.testOperations.HomeSearchTest@7e057f43]" started-at="2021-09-28T11:14:52Z" name="testStatusLog" finished-at="2021-09-28T11:14:52Z" duration-ms="0" status="PASS">
          <params>
            <param index="0">
              <value>
                <![CDATA[[TestResult name=testSearchCity status=SUCCESS method=HomeSearchTest.testSearchCity()[pri:3, instance:com.testOperations.HomeSearchTest@7e057f43] output={null}]]]>
              </value>
            </param>
          </params>
          <reporter-output>
          </reporter-output>
        </test-method> <!-- testStatusLog -->
        <test-method is-config="true" signature="testStatusLog(org.testng.ITestResult)[pri:0, instance:com.testOperations.HomeSearchTest@7e057f43]" started-at="2021-09-28T11:15:00Z" name="testStatusLog" finished-at="2021-09-28T11:15:00Z" duration-ms="1" status="PASS">
          <params>
            <param index="0">
              <value>
                <![CDATA[[TestResult name=testSearchHldyHome status=SUCCESS method=HomeSearchTest.testSearchHldyHome()[pri:4, instance:com.testOperations.HomeSearchTest@7e057f43] output={null}]]]>
              </value>
            </param>
          </params>
          <reporter-output>
          </reporter-output>
        </test-method> <!-- testStatusLog -->
        <test-method signature="testDateSelection()[pri:5, instance:com.testOperations.HomeSearchTest@7e057f43]" started-at="2021-09-28T11:15:00Z" name="testDateSelection" finished-at="2021-09-28T11:15:12Z" duration-ms="12577" status="PASS">
          <reporter-output>
          </reporter-output>
        </test-method> <!-- testDateSelection -->
        <test-method is-config="true" signature="testStatusLog(org.testng.ITestResult)[pri:0, instance:com.testOperations.HomeSearchTest@7e057f43]" started-at="2021-09-28T11:15:12Z" name="testStatusLog" finished-at="2021-09-28T11:15:12Z" duration-ms="1" status="PASS">
          <params>
            <param index="0">
              <value>
                <![CDATA[[TestResult name=testDateSelection status=SUCCESS method=HomeSearchTest.testDateSelection()[pri:5, instance:com.testOperations.HomeSearchTest@7e057f43] output={null}]]]>
              </value>
            </param>
          </params>
          <reporter-output>
          </reporter-output>
        </test-method> <!-- testStatusLog -->
        <test-method signature="testGuestSelection()[pri:6, instance:com.testOperations.HomeSearchTest@7e057f43]" started-at="2021-09-28T11:15:12Z" name="testGuestSelection" finished-at="2021-09-28T11:15:23Z" duration-ms="10337" status="PASS">
          <reporter-output>
          </reporter-output>
        </test-method> <!-- testGuestSelection -->
        <test-method is-config="true" signature="testStatusLog(org.testng.ITestResult)[pri:0, instance:com.testOperations.HomeSearchTest@7e057f43]" started-at="2021-09-28T11:15:23Z" name="testStatusLog" finished-at="2021-09-28T11:15:23Z" duration-ms="1" status="PASS">
          <params>
            <param index="0">
              <value>
                <![CDATA[[TestResult name=testGuestSelection status=SUCCESS method=HomeSearchTest.testGuestSelection()[pri:6, instance:com.testOperations.HomeSearchTest@7e057f43] output={null}]]]>
              </value>
            </param>
          </params>
          <reporter-output>
          </reporter-output>
        </test-method> <!-- testStatusLog -->
        <test-method signature="testSortBy()[pri:7, instance:com.testOperations.HomeSearchTest@7e057f43]" started-at="2021-09-28T11:15:23Z" name="testSortBy" finished-at="2021-09-28T11:15:32Z" duration-ms="9197" status="PASS">
          <reporter-output>
          </reporter-output>
        </test-method> <!-- testSortBy -->
        <test-method is-config="true" signature="testStatusLog(org.testng.ITestResult)[pri:0, instance:com.testOperations.HomeSearchTest@7e057f43]" started-at="2021-09-28T11:15:32Z" name="testStatusLog" finished-at="2021-09-28T11:15:32Z" duration-ms="0" status="PASS">
          <params>
            <param index="0">
              <value>
                <![CDATA[[TestResult name=testSortBy status=SUCCESS method=HomeSearchTest.testSortBy()[pri:7, instance:com.testOperations.HomeSearchTest@7e057f43] output={null}]]]>
              </value>
            </param>
          </params>
          <reporter-output>
          </reporter-output>
        </test-method> <!-- testStatusLog -->
        <test-method signature="testAmmenitiesFilter()[pri:8, instance:com.testOperations.HomeSearchTest@7e057f43]" started-at="2021-09-28T11:15:32Z" name="testAmmenitiesFilter" finished-at="2021-09-28T11:15:40Z" duration-ms="8485" status="PASS">
          <reporter-output>
          </reporter-output>
        </test-method> <!-- testAmmenitiesFilter -->
        <test-method is-config="true" signature="testStatusLog(org.testng.ITestResult)[pri:0, instance:com.testOperations.HomeSearchTest@7e057f43]" started-at="2021-09-28T11:15:40Z" name="testStatusLog" finished-at="2021-09-28T11:15:40Z" duration-ms="1" status="PASS">
          <params>
            <param index="0">
              <value>
                <![CDATA[[TestResult name=testAmmenitiesFilter status=SUCCESS method=HomeSearchTest.testAmmenitiesFilter()[pri:8, instance:com.testOperations.HomeSearchTest@7e057f43] output={null}]]]>
              </value>
            </param>
          </params>
          <reporter-output>
          </reporter-output>
        </test-method> <!-- testStatusLog -->
        <test-method signature="testWirteExcelFile()[pri:9, instance:com.testOperations.HomeSearchTest@7e057f43]" started-at="2021-09-28T11:15:40Z" name="testWirteExcelFile" finished-at="2021-09-28T11:15:42Z" duration-ms="1271" status="PASS">
          <reporter-output>
          </reporter-output>
        </test-method> <!-- testWirteExcelFile -->
        <test-method is-config="true" signature="testStatusLog(org.testng.ITestResult)[pri:0, instance:com.testOperations.HomeSearchTest@7e057f43]" started-at="2021-09-28T11:15:42Z" name="testStatusLog" finished-at="2021-09-28T11:15:42Z" duration-ms="1" status="PASS">
          <params>
            <param index="0">
              <value>
                <![CDATA[[TestResult name=testWirteExcelFile status=SUCCESS method=HomeSearchTest.testWirteExcelFile()[pri:9, instance:com.testOperations.HomeSearchTest@7e057f43] output={null}]]]>
              </value>
            </param>
          </params>
          <reporter-output>
          </reporter-output>
        </test-method> <!-- testStatusLog -->
        <test-method is-config="true" signature="endTest()[pri:0, instance:com.testOperations.HomeSearchTest@7e057f43]" started-at="2021-09-28T11:15:42Z" name="endTest" finished-at="2021-09-28T11:15:42Z" duration-ms="400" status="PASS">
          <reporter-output>
          </reporter-output>
        </test-method> <!-- endTest -->
        <test-method is-config="true" signature="stopWebDriver()[pri:0, instance:com.testOperations.HomeSearchTest@7e057f43]" started-at="2021-09-28T11:15:42Z" name="stopWebDriver" finished-at="2021-09-28T11:15:42Z" duration-ms="94" status="PASS">
          <reporter-output>
          </reporter-output>
        </test-method> <!-- stopWebDriver -->
      </class> <!-- com.testOperations.HomeSearchTest -->
    </test> <!-- Test -->
  </suite> <!-- Suite -->
</testng-results>
